<?xml version="1.0" encoding="UTF-8"?>
<!-- Generated by org.testng.reporters.JUnitReportReporter -->
<testsuite hostname="HSA-Workstation" name="ie.exactest.tests.AboutPage_Tests" tests="1" failures="0" timestamp="5 Dec 2017 08:24:49 GMT" time="28.479" errors="0">
  <testcase name="test_verify_image_textformat_text_spelling_content" time="28.479" classname="ie.exactest.tests.AboutPage_Tests"/>
</testsuite> <!-- ie.exactest.tests.AboutPage_Tests -->
