<?xml version="1.0" encoding="UTF-8"?>
<!-- Generated by org.testng.reporters.JUnitReportReporter -->
<testsuite hostname="HSA-Workstation" name="ie.exactest.tests.ContactPage_Tests" tests="1" failures="0" timestamp="11 Dec 2017 13:01:01 GMT" time="27.831" errors="0">
  <testcase name="test_test" time="27.831" classname="ie.exactest.tests.ContactPage_Tests"/>
</testsuite> <!-- ie.exactest.tests.ContactPage_Tests -->
