<?xml version="1.0" encoding="UTF-8"?>
<!-- Generated by org.testng.reporters.JUnitReportReporter -->
<testsuite hostname="HSA-Workstation" name="runner.TestRunner" tests="1" failures="0" timestamp="10 Nov 2017 11:05:16 GMT" time="185.330" errors="0">
  <testcase name="feature" time="185.330" classname="runner.TestRunner"/>
</testsuite> <!-- runner.TestRunner -->
